  AudioEngine.cpp
  GameWindow.cpp
C:\Users\cruis\Desktop\C L O W N  W A R E\Pong Game\Ping-Pong\GameWindow.cpp(8,47): warning C4244: 'initializing': conversion from 'float' to 'int', possible loss of data
C:\Users\cruis\Desktop\C L O W N  W A R E\Pong Game\Ping-Pong\GameWindow.cpp(8,63): warning C4244: 'initializing': conversion from 'float' to 'int', possible loss of data
C:\Users\cruis\Desktop\C L O W N  W A R E\Pong Game\Ping-Pong\GameWindow.cpp(145,37): warning C4244: 'argument': conversion from 'int' to 'float', possible loss of data
C:\Users\cruis\Desktop\C L O W N  W A R E\Pong Game\Ping-Pong\GameWindow.cpp(145,26): warning C4244: 'argument': conversion from 'int' to 'float', possible loss of data
C:\Users\cruis\Desktop\C L O W N  W A R E\Pong Game\Ping-Pong\GameWindow.cpp(223,19): warning C4244: '=': conversion from 'int' to 'float', possible loss of data
C:\Users\cruis\Desktop\C L O W N  W A R E\Pong Game\Ping-Pong\GameWindow.cpp(224,18): warning C4244: '=': conversion from 'int' to 'float', possible loss of data
C:\Users\cruis\Desktop\C L O W N  W A R E\Pong Game\Ping-Pong\GameWindow.cpp(325,39): warning C4244: '-=': conversion from 'double' to 'float', possible loss of data
C:\Users\cruis\Desktop\C L O W N  W A R E\Pong Game\Ping-Pong\GameWindow.cpp(330,39): warning C4244: '+=': conversion from 'double' to 'float', possible loss of data
C:\Users\cruis\Desktop\C L O W N  W A R E\Pong Game\Ping-Pong\GameWindow.cpp(433,11): warning C4244: '=': conversion from 'float' to 'int', possible loss of data
C:\Users\cruis\Desktop\C L O W N  W A R E\Pong Game\Ping-Pong\GameWindow.cpp(434,12): warning C4244: '=': conversion from 'float' to 'int', possible loss of data
C:\Users\cruis\Desktop\C L O W N  W A R E\Pong Game\Ping-Pong\GameWindow.cpp(510,20): warning C4244: '=': conversion from 'int' to 'float', possible loss of data
C:\Users\cruis\Desktop\C L O W N  W A R E\Pong Game\Ping-Pong\GameWindow.cpp(511,21): warning C4244: '=': conversion from 'int' to 'float', possible loss of data
C:\Users\cruis\Desktop\C L O W N  W A R E\Pong Game\Ping-Pong\GameWindow.cpp(524,81): warning C4244: 'argument': conversion from 'float' to 'int', possible loss of data
C:\Users\cruis\Desktop\C L O W N  W A R E\Pong Game\Ping-Pong\GameWindow.cpp(524,46): warning C4244: 'argument': conversion from 'float' to 'int', possible loss of data
C:\Users\cruis\Desktop\C L O W N  W A R E\Pong Game\Ping-Pong\GameWindow.cpp(527,143): warning C4244: 'argument': conversion from 'float' to 'int', possible loss of data
C:\Users\cruis\Desktop\C L O W N  W A R E\Pong Game\Ping-Pong\GameWindow.cpp(527,111): warning C4244: 'argument': conversion from 'float' to 'int', possible loss of data
C:\Users\cruis\Desktop\C L O W N  W A R E\Pong Game\Ping-Pong\GameWindow.cpp(527,80): warning C4244: 'argument': conversion from 'float' to 'int', possible loss of data
C:\Users\cruis\Desktop\C L O W N  W A R E\Pong Game\Ping-Pong\GameWindow.cpp(527,48): warning C4244: 'argument': conversion from 'float' to 'int', possible loss of data
C:\Users\cruis\Desktop\C L O W N  W A R E\Pong Game\Ping-Pong\GameWindow.cpp(530,133): warning C4244: 'argument': conversion from 'float' to 'int', possible loss of data
C:\Users\cruis\Desktop\C L O W N  W A R E\Pong Game\Ping-Pong\GameWindow.cpp(530,78): warning C4244: 'argument': conversion from 'float' to 'int', possible loss of data
C:\Users\cruis\Desktop\C L O W N  W A R E\Pong Game\Ping-Pong\GameWindow.cpp(530,45): warning C4244: 'argument': conversion from 'float' to 'int', possible loss of data
C:\Users\cruis\Desktop\C L O W N  W A R E\Pong Game\Ping-Pong\GameWindow.cpp(531,133): warning C4244: 'argument': conversion from 'float' to 'int', possible loss of data
C:\Users\cruis\Desktop\C L O W N  W A R E\Pong Game\Ping-Pong\GameWindow.cpp(531,77): warning C4244: 'argument': conversion from 'float' to 'int', possible loss of data
C:\Users\cruis\Desktop\C L O W N  W A R E\Pong Game\Ping-Pong\GameWindow.cpp(531,45): warning C4244: 'argument': conversion from 'float' to 'int', possible loss of data
C:\Users\cruis\Desktop\C L O W N  W A R E\Pong Game\Ping-Pong\GameWindow.cpp(534,95): warning C4244: 'argument': conversion from 'float' to 'int', possible loss of data
C:\Users\cruis\Desktop\C L O W N  W A R E\Pong Game\Ping-Pong\GameWindow.cpp(534,68): warning C4244: 'argument': conversion from 'float' to 'int', possible loss of data
C:\Users\cruis\Desktop\C L O W N  W A R E\Pong Game\Ping-Pong\GameWindow.cpp(534,42): warning C4244: 'argument': conversion from 'float' to 'int', possible loss of data
C:\Users\cruis\Desktop\C L O W N  W A R E\Pong Game\Ping-Pong\GameWindow.cpp(534,32): warning C4244: 'argument': conversion from 'float' to 'int', possible loss of data
C:\Users\cruis\Desktop\C L O W N  W A R E\Pong Game\Ping-Pong\GameWindow.cpp(537,115): warning C4244: 'argument': conversion from 'float' to 'int', possible loss of data
C:\Users\cruis\Desktop\C L O W N  W A R E\Pong Game\Ping-Pong\GameWindow.cpp(537,88): warning C4244: 'argument': conversion from 'float' to 'int', possible loss of data
C:\Users\cruis\Desktop\C L O W N  W A R E\Pong Game\Ping-Pong\GameWindow.cpp(537,67): warning C4244: 'argument': conversion from 'float' to 'int', possible loss of data
C:\Users\cruis\Desktop\C L O W N  W A R E\Pong Game\Ping-Pong\GameWindow.cpp(537,54): warning C4244: 'argument': conversion from 'float' to 'int', possible loss of data
C:\Users\cruis\Desktop\C L O W N  W A R E\Pong Game\Ping-Pong\GameWindow.cpp(540,128): warning C4244: 'argument': conversion from 'float' to 'int', possible loss of data
C:\Users\cruis\Desktop\C L O W N  W A R E\Pong Game\Ping-Pong\GameWindow.cpp(540,99): warning C4244: 'argument': conversion from 'float' to 'int', possible loss of data
C:\Users\cruis\Desktop\C L O W N  W A R E\Pong Game\Ping-Pong\GameWindow.cpp(540,70): warning C4244: 'argument': conversion from 'float' to 'int', possible loss of data
C:\Users\cruis\Desktop\C L O W N  W A R E\Pong Game\Ping-Pong\GameWindow.cpp(540,44): warning C4244: 'argument': conversion from 'float' to 'int', possible loss of data
C:\Users\cruis\Desktop\C L O W N  W A R E\Pong Game\Ping-Pong\GameWindow.cpp(557,108): warning C4244: 'argument': conversion from 'float' to 'int', possible loss of data
C:\Users\cruis\Desktop\C L O W N  W A R E\Pong Game\Ping-Pong\GameWindow.cpp(557,43): warning C4244: 'argument': conversion from 'float' to 'int', possible loss of data
C:\Users\cruis\Desktop\C L O W N  W A R E\Pong Game\Ping-Pong\GameWindow.cpp(558,106): warning C4244: 'argument': conversion from 'float' to 'int', possible loss of data
C:\Users\cruis\Desktop\C L O W N  W A R E\Pong Game\Ping-Pong\GameWindow.cpp(558,43): warning C4244: 'argument': conversion from 'float' to 'int', possible loss of data
C:\Users\cruis\Desktop\C L O W N  W A R E\Pong Game\Ping-Pong\GameWindow.cpp(559,144): warning C4244: 'argument': conversion from 'float' to 'int', possible loss of data
C:\Users\cruis\Desktop\C L O W N  W A R E\Pong Game\Ping-Pong\GameWindow.cpp(559,43): warning C4244: 'argument': conversion from 'float' to 'int', possible loss of data
C:\Users\cruis\Desktop\C L O W N  W A R E\Pong Game\Ping-Pong\GameWindow.cpp(563,132): warning C4244: 'argument': conversion from 'float' to 'int', possible loss of data
C:\Users\cruis\Desktop\C L O W N  W A R E\Pong Game\Ping-Pong\GameWindow.cpp(563,72): warning C4244: 'argument': conversion from 'float' to 'int', possible loss of data
C:\Users\cruis\Desktop\C L O W N  W A R E\Pong Game\Ping-Pong\GameWindow.cpp(563,44): warning C4244: 'argument': conversion from 'float' to 'int', possible loss of data
C:\Users\cruis\Desktop\C L O W N  W A R E\Pong Game\Ping-Pong\GameWindow.cpp(568,128): warning C4244: 'argument': conversion from 'float' to 'int', possible loss of data
C:\Users\cruis\Desktop\C L O W N  W A R E\Pong Game\Ping-Pong\GameWindow.cpp(568,72): warning C4244: 'argument': conversion from 'float' to 'int', possible loss of data
C:\Users\cruis\Desktop\C L O W N  W A R E\Pong Game\Ping-Pong\GameWindow.cpp(568,44): warning C4244: 'argument': conversion from 'float' to 'int', possible loss of data
C:\Users\cruis\Desktop\C L O W N  W A R E\Pong Game\Ping-Pong\GameWindow.cpp(575,124): warning C4244: 'argument': conversion from 'float' to 'int', possible loss of data
C:\Users\cruis\Desktop\C L O W N  W A R E\Pong Game\Ping-Pong\GameWindow.cpp(575,66): warning C4244: 'argument': conversion from 'float' to 'int', possible loss of data
C:\Users\cruis\Desktop\C L O W N  W A R E\Pong Game\Ping-Pong\GameWindow.cpp(575,44): warning C4244: 'argument': conversion from 'float' to 'int', possible loss of data
C:\Users\cruis\Desktop\C L O W N  W A R E\Pong Game\Ping-Pong\GameWindow.cpp(580,123): warning C4244: 'argument': conversion from 'float' to 'int', possible loss of data
C:\Users\cruis\Desktop\C L O W N  W A R E\Pong Game\Ping-Pong\GameWindow.cpp(580,67): warning C4244: 'argument': conversion from 'float' to 'int', possible loss of data
C:\Users\cruis\Desktop\C L O W N  W A R E\Pong Game\Ping-Pong\GameWindow.cpp(580,45): warning C4244: 'argument': conversion from 'float' to 'int', possible loss of data
C:\Users\cruis\Desktop\C L O W N  W A R E\Pong Game\Ping-Pong\GameWindow.cpp(584,124): warning C4244: 'argument': conversion from 'float' to 'int', possible loss of data
C:\Users\cruis\Desktop\C L O W N  W A R E\Pong Game\Ping-Pong\GameWindow.cpp(584,67): warning C4244: 'argument': conversion from 'float' to 'int', possible loss of data
C:\Users\cruis\Desktop\C L O W N  W A R E\Pong Game\Ping-Pong\GameWindow.cpp(584,45): warning C4244: 'argument': conversion from 'float' to 'int', possible loss of data
C:\Users\cruis\Desktop\C L O W N  W A R E\Pong Game\Ping-Pong\GameWindow.cpp(587,137): warning C4244: 'argument': conversion from 'float' to 'int', possible loss of data
C:\Users\cruis\Desktop\C L O W N  W A R E\Pong Game\Ping-Pong\GameWindow.cpp(587,71): warning C4244: 'argument': conversion from 'float' to 'int', possible loss of data
C:\Users\cruis\Desktop\C L O W N  W A R E\Pong Game\Ping-Pong\GameWindow.cpp(587,44): warning C4244: 'argument': conversion from 'float' to 'int', possible loss of data
C:\Users\cruis\Desktop\C L O W N  W A R E\Pong Game\Ping-Pong\GameWindow.cpp(662,20): warning C4244: '=': conversion from 'int' to 'float', possible loss of data
C:\Users\cruis\Desktop\C L O W N  W A R E\Pong Game\Ping-Pong\GameWindow.cpp(663,21): warning C4244: '=': conversion from 'int' to 'float', possible loss of data
  Ping-Pong.cpp
  Generating code
  Previous IPDB and IOBJ mismatch, fall back to full compilation.
  All 223 functions were compiled because no usable IPDB/IOBJ from previous compilation was found.
  Finished generating code
  Ping-Pong.vcxproj -> C:\Users\cruis\Desktop\C L O W N  W A R E\Pong Game\x64\Release\Ping-Pong.exe
